<?xml version="1.0" encoding="UTF-8"?>
<coverage generated="1590676706482" clover="3.2.0">
  <project timestamp="1590676706483" name="All files">
    <metrics statements="25" coveredstatements="25" conditionals="4" coveredconditionals="4" methods="5" coveredmethods="5" elements="34" coveredelements="34" complexity="0" loc="25" ncloc="25" packages="1" files="1" classes="1"/>
    <file name="linked-list.js" path="/mnt/c/Users/STD/LTUC/401/data-structures-and-algorithms/challenges/linkedList/linked-list.js">
      <metrics statements="25" coveredstatements="25" conditionals="4" coveredconditionals="4" methods="5" coveredmethods="5"/>
      <line num="4" count="12" type="stmt"/>
      <line num="5" count="12" type="stmt"/>
      <line num="10" count="4" type="stmt"/>
      <line num="13" count="12" type="stmt"/>
      <line num="14" count="12" type="cond" truecount="2" falsecount="0"/>
      <line num="15" count="3" type="stmt"/>
      <line num="16" count="3" type="stmt"/>
      <line num="18" count="9" type="stmt"/>
      <line num="19" count="9" type="stmt"/>
      <line num="20" count="9" type="stmt"/>
      <line num="22" count="9" type="stmt"/>
      <line num="25" count="6" type="stmt"/>
      <line num="26" count="6" type="stmt"/>
      <line num="27" count="18" type="cond" truecount="2" falsecount="0"/>
      <line num="28" count="4" type="stmt"/>
      <line num="30" count="14" type="stmt"/>
      <line num="32" count="2" type="stmt"/>
      <line num="35" count="1" type="stmt"/>
      <line num="36" count="1" type="stmt"/>
      <line num="37" count="1" type="stmt"/>
      <line num="38" count="3" type="stmt"/>
      <line num="39" count="3" type="stmt"/>
      <line num="41" count="1" type="stmt"/>
      <line num="42" count="1" type="stmt"/>
      <line num="45" count="1" type="stmt"/>
    </file>
  </project>
</coverage>
