{"/mnt/c/Users/STD/LTUC/401/data-structures-and-algorithms/challenges/linkedList/linked-list.js": {"path":"/mnt/c/Users/STD/LTUC/401/data-structures-and-algorithms/challenges/linkedList/linked-list.js","statementMap":{"0":{"start":{"line":4,"column":8},"end":{"line":4,"column":23}},"1":{"start":{"line":5,"column":8},"end":{"line":5,"column":25}},"2":{"start":{"line":10,"column":8},"end":{"line":10,"column":25}},"3":{"start":{"line":13,"column":22},"end":{"line":13,"column":35}},"4":{"start":{"line":14,"column":8},"end":{"line":17,"column":9}},"5":{"start":{"line":15,"column":12},"end":{"line":15,"column":32}},"6":{"start":{"line":16,"column":12},"end":{"line":16,"column":24}},"7":{"start":{"line":18,"column":26},"end":{"line":18,"column":35}},"8":{"start":{"line":19,"column":8},"end":{"line":21,"column":9}},"9":{"start":{"line":20,"column":12},"end":{"line":20,"column":43}},"10":{"start":{"line":22,"column":8},"end":{"line":22,"column":35}},"11":{"start":{"line":25,"column":26},"end":{"line":25,"column":35}},"12":{"start":{"line":26,"column":8},"end":{"line":31,"column":9}},"13":{"start":{"line":27,"column":12},"end":{"line":29,"column":13}},"14":{"start":{"line":28,"column":16},"end":{"line":28,"column":28}},"15":{"start":{"line":30,"column":12},"end":{"line":30,"column":43}},"16":{"start":{"line":32,"column":8},"end":{"line":32,"column":21}},"17":{"start":{"line":35,"column":26},"end":{"line":35,"column":35}},"18":{"start":{"line":36,"column":18},"end":{"line":36,"column":43}},"19":{"start":{"line":37,"column":8},"end":{"line":40,"column":9}},"20":{"start":{"line":38,"column":12},"end":{"line":38,"column":43}},"21":{"start":{"line":39,"column":12},"end":{"line":39,"column":51}},"22":{"start":{"line":41,"column":8},"end":{"line":41,"column":27}},"23":{"start":{"line":42,"column":8},"end":{"line":42,"column":19}},"24":{"start":{"line":45,"column":0},"end":{"line":45,"column":28}}},"fnMap":{"0":{"name":"(anonymous_0)","decl":{"start":{"line":3,"column":4},"end":{"line":3,"column":5}},"loc":{"start":{"line":3,"column":21},"end":{"line":6,"column":5}},"line":3},"1":{"name":"(anonymous_1)","decl":{"start":{"line":9,"column":4},"end":{"line":9,"column":5}},"loc":{"start":{"line":9,"column":18},"end":{"line":11,"column":5}},"line":9},"2":{"name":"(anonymous_2)","decl":{"start":{"line":12,"column":4},"end":{"line":12,"column":5}},"loc":{"start":{"line":12,"column":16},"end":{"line":23,"column":5}},"line":12},"3":{"name":"(anonymous_3)","decl":{"start":{"line":24,"column":4},"end":{"line":24,"column":5}},"loc":{"start":{"line":24,"column":18},"end":{"line":33,"column":5}},"line":24},"4":{"name":"(anonymous_4)","decl":{"start":{"line":34,"column":4},"end":{"line":34,"column":5}},"loc":{"start":{"line":34,"column":15},"end":{"line":43,"column":5}},"line":34}},"branchMap":{"0":{"loc":{"start":{"line":14,"column":8},"end":{"line":17,"column":9}},"type":"if","locations":[{"start":{"line":14,"column":8},"end":{"line":17,"column":9}},{"start":{"line":14,"column":8},"end":{"line":17,"column":9}}],"line":14},"1":{"loc":{"start":{"line":27,"column":12},"end":{"line":29,"column":13}},"type":"if","locations":[{"start":{"line":27,"column":12},"end":{"line":29,"column":13}},{"start":{"line":27,"column":12},"end":{"line":29,"column":13}}],"line":27}},"s":{"0":12,"1":12,"2":4,"3":12,"4":12,"5":3,"6":3,"7":9,"8":9,"9":9,"10":9,"11":6,"12":6,"13":18,"14":4,"15":14,"16":2,"17":1,"18":1,"19":1,"20":3,"21":3,"22":1,"23":1,"24":1},"f":{"0":12,"1":4,"2":12,"3":6,"4":1},"b":{"0":[3,9],"1":[4,14]},"_coverageSchema":"1a1c01bbd47fc00a2c39e90264f33305004495a9","hash":"a22bf568f9e77ded7f947508610306cd1e18af64"}
}
