TN:
SF:challenges/linkedList/linked-list.js
FN:3,(anonymous_0)
FN:9,(anonymous_1)
FN:12,(anonymous_2)
FN:24,(anonymous_3)
FN:34,(anonymous_4)
FNF:5
FNH:5
FNDA:12,(anonymous_0)
FNDA:4,(anonymous_1)
FNDA:12,(anonymous_2)
FNDA:6,(anonymous_3)
FNDA:1,(anonymous_4)
DA:4,12
DA:5,12
DA:10,4
DA:13,12
DA:14,12
DA:15,3
DA:16,3
DA:18,9
DA:19,9
DA:20,9
DA:22,9
DA:25,6
DA:26,6
DA:27,18
DA:28,4
DA:30,14
DA:32,2
DA:35,1
DA:36,1
DA:37,1
DA:38,3
DA:39,3
DA:41,1
DA:42,1
DA:45,1
LF:25
LH:25
BRDA:14,0,0,3
BRDA:14,0,1,9
BRDA:27,1,0,4
BRDA:27,1,1,14
BRF:4
BRH:4
end_of_record
